# Changelog

## Upcoming Features
 - Add support for for pronouns. Currently, there is no way to retrieve pronouns from a discord.User profile
 - UI interface for editing settings. This may require creating an app command ('/settings') in order to utilize discords interaction objects and ephemeral messaging

## [2.3.0] - 2021-12-14

### Added
- "ask" command. Ask another member to perform an action on yourself

### Changed
- Major refactor of action command data
- Action consent messages all standardized to use the member who needs to respond as the first person in the messages
- Added 'active' and 'passive' consent messaging
- Added Action manager class and dataclasses for action properties
- Added Embed class for assembling embed objects in a cleaner way
- Embed can handle caching and attaching spoilered images to embed messages for a bit nicer presentation
- Changed consent validation to accommodate both owner and target having owners. Consent can only be obtained if both respond yes

### Fixed
- Fixed various typos in messages

## [1.0.0] - 2024-11-26

### Added
- Initial release with basic features and commands

### Changed
- Initial setup and configuration

### Fixed
- Initial bug fixes and improvements